[debug] [2023-04-02T02:37:46.313Z] ----------------------------------------------------------------------
[debug] [2023-04-02T02:37:46.314Z] Command:       C:\Program Files\nodejs\node.exe C:\Users\Ejaz Ahmed\AppData\Roaming\npm\node_modules\firebase-tools\lib\bin\firebase.js deploy
[debug] [2023-04-02T02:37:46.315Z] CLI Version:   11.24.1
[debug] [2023-04-02T02:37:46.315Z] Platform:      win32
[debug] [2023-04-02T02:37:46.315Z] Node Version:  v18.12.0
[debug] [2023-04-02T02:37:46.316Z] Time:          Sun Apr 02 2023 08:07:46 GMT+0530 (India Standard Time)
[debug] [2023-04-02T02:37:46.317Z] ----------------------------------------------------------------------
[debug] 
[debug] [2023-04-02T02:37:46.320Z] >>> [apiv2][query] GET https://firebase-public.firebaseio.com/cli.json [none]
[debug] [2023-04-02T02:37:46.411Z] > command requires scopes: ["email","openid","https://www.googleapis.com/auth/cloudplatformprojects.readonly","https://www.googleapis.com/auth/firebase","https://www.googleapis.com/auth/cloud-platform"]
[debug] [2023-04-02T02:37:46.411Z] > authorizing via signed-in user (ejazahmed4688@gmail.com)
[debug] [2023-04-02T02:37:46.411Z] [iam] checking project ecommerce-bd533 for permissions ["firebase.projects.get","firebasehosting.sites.update"]
[debug] [2023-04-02T02:37:46.412Z] > refreshing access token with scopes: []
[debug] [2023-04-02T02:37:46.413Z] >>> [apiv2][query] POST https://www.googleapis.com/oauth2/v3/token [none]
[debug] [2023-04-02T02:37:46.413Z] >>> [apiv2][body] POST https://www.googleapis.com/oauth2/v3/token [omitted]
[warn] !  Unable to fetch the CLI MOTD and remote config. 
[debug] [2023-04-02T02:37:57.459Z] Failed to fetch MOTD FirebaseError: Failed to make request to https://firebase-public.firebaseio.com/cli.json
[debug] [2023-04-02T02:37:57.518Z] [iam] error while checking permissions, command may fail: FirebaseError: Authentication Error: Your credentials are no longer valid. Please run firebase login --reauth

For CI servers and headless environments, generate a new token with firebase login:ci
[debug] [2023-04-02T02:37:57.518Z] > refreshing access token with scopes: []
[debug] [2023-04-02T02:37:57.519Z] >>> [apiv2][query] POST https://www.googleapis.com/oauth2/v3/token [none]
[debug] [2023-04-02T02:37:57.519Z] >>> [apiv2][body] POST https://www.googleapis.com/oauth2/v3/token [omitted]
[debug] [2023-04-02T02:38:08.630Z] Authentication Error: Your credentials are no longer valid. Please run firebase login --reauth

For CI servers and headless environments, generate a new token with firebase login:ci
[debug] [2023-04-02T02:38:13.643Z] Error: Timed out.
    at Timeout._onTimeout (C:\Users\Ejaz Ahmed\AppData\Roaming\npm\node_modules\firebase-tools\lib\utils.js:253:49)
    at listOnTimeout (node:internal/timers:564:17)
    at process.processTimers (node:internal/timers:507:7)
[error] 
[error] Error: An unexpected error has occurred.
